warning: Usage of indexing operation detected.
  --> $DIR/main.rs:14:18
   |
LL |     let x: i32 = array[0]; // Should trigger.
   |                  ^^^^^^^^
   |
note: the lint level is defined here
  --> $DIR/main.rs:1:9
   |
LL | #![warn(security_indexing_usage)]
   |         ^^^^^^^^^^^^^^^^^^^^^^^

warning: Usage of slicing operation detected.
  --> $DIR/main.rs:16:26
   |
LL |     let slice: &[i32] = &array[1..]; // Should trigger.
   |                          ^^^^^^^^^^

warning: Implementation of Index/IndexMut trait detected.
  --> $DIR/main.rs:22:5
   |
LL | /     impl Index<usize> for MyVec {
LL | |         type Output = i32;
LL | |
LL | |         fn index(&self, index: usize) -> &Self::Output {
...  |
LL | |     }
   | |_____^

warning: Usage of indexing operation detected.
  --> $DIR/main.rs:26:14
   |
LL |             &self.0[index] // Should trigger.
   |              ^^^^^^^^^^^^^

warning: 4 warnings emitted

