warning: Call to panic backend `Unwrap` detected.
  --> $DIR/main.rs:10:5
   |
LL |     x.unwrap(); // Should trigger.
   |     ^^^^^^^^^^
   |
note: the lint level is defined here
  --> $DIR/main.rs:1:9
   |
LL | #![warn(security_panic_usage)]
   |         ^^^^^^^^^^^^^^^^^^^^

warning: Call to panic backend `Expect` detected.
  --> $DIR/main.rs:11:5
   |
LL |     x.expect(""); // should trigger.
   |     ^^^^^^^^^^^^

warning: Call to panic backend `BeginPanic` detected.
  --> $DIR/main.rs:13:5
   |
LL |     panic!(""); // Should trigger.
   |     ^^^^^^^^^^

warning: Call to panic backend `PanickingModule` detected.
  --> $DIR/main.rs:15:5
   |
LL |     assert!(false); // Should trigger.
   |     ^^^^^^^^^^^^^^

warning: Call to panic backend `PanickingModule` detected.
  --> $DIR/main.rs:16:5
   |
LL |     assert_eq!(0, 1); // Should trigger.
   |     ^^^^^^^^^^^^^^^^

warning: Call to panic backend `PanickingModule` detected.
  --> $DIR/main.rs:17:5
   |
LL |     assert_ne!(0, 0); // Should trigger.
   |     ^^^^^^^^^^^^^^^^

warning: Call to panic backend `PanickingModule` detected.
  --> $DIR/main.rs:19:5
   |
LL |     todo!(); // Should trigger.
   |     ^^^^^^^

warning: Call to panic backend `PanickingModule` detected.
  --> $DIR/main.rs:20:5
   |
LL |     unimplemented!(); // Should trigger.
   |     ^^^^^^^^^^^^^^^^

warning: Call to panic backend `PanickingModule` detected.
  --> $DIR/main.rs:21:5
   |
LL |     unreachable!(); // Should trigger.
   |     ^^^^^^^^^^^^^^

warning: 9 warnings emitted

